[debug] [2018-01-19T21:45:34.465Z] ----------------------------------------------------------------------
[debug] [2018-01-19T21:45:34.467Z] Command:       C:\Program Files\nodejs\node.exe C:\Users\jacob\AppData\Roaming\npm\node_modules\firebase-tools\bin\firebase serve
[debug] [2018-01-19T21:45:34.467Z] CLI Version:   3.17.2
[debug] [2018-01-19T21:45:34.467Z] Platform:      win32
[debug] [2018-01-19T21:45:34.467Z] Node Version:  v8.4.0
[debug] [2018-01-19T21:45:34.468Z] Time:          Fri Jan 19 2018 16:45:34 GMT-0500 (Eastern Standard Time)
[debug] [2018-01-19T21:45:34.468Z] ----------------------------------------------------------------------
[debug] 
[debug] [2018-01-19T21:45:34.487Z] > command requires scopes: ["email","openid","https://www.googleapis.com/auth/cloudplatformprojects.readonly","https://www.googleapis.com/auth/firebase","https://www.googleapis.com/auth/cloud-platform"]
[debug] [2018-01-19T21:45:34.488Z] > authorizing via signed-in user
[debug] [2018-01-19T21:45:34.491Z] > refreshing access token with scopes: ["email","https://www.googleapis.com/auth/cloud-platform","https://www.googleapis.com/auth/cloudplatformprojects.readonly","https://www.googleapis.com/auth/firebase","openid"]
[debug] [2018-01-19T21:45:34.491Z] >>> HTTP REQUEST POST https://www.googleapis.com/oauth2/v3/token  
 { refresh_token: '1/Tlot8VDztu8I9-5-XRw5L53wsVXvJDDnxvp8VE3qakk',
  client_id: '563584335869-fgrhgmd47bqnekij5i8b5pr03ho849e6.apps.googleusercontent.com',
  client_secret: 'j9iVZfS8kkCEFUPaAeJV0sAi',
  grant_type: 'refresh_token',
  scope: 'email https://www.googleapis.com/auth/cloud-platform https://www.googleapis.com/auth/cloudplatformprojects.readonly https://www.googleapis.com/auth/firebase openid' } 
 Fri Jan 19 2018 16:45:34 GMT-0500 (Eastern Standard Time)
[debug] [2018-01-19T21:45:34.693Z] <<< HTTP RESPONSE 200
[debug] [2018-01-19T21:45:34.710Z] >>> HTTP REQUEST GET https://admin.firebase.com/v1/projects/carletonrsg  
  
 Fri Jan 19 2018 16:45:34 GMT-0500 (Eastern Standard Time)
[debug] [2018-01-19T21:45:35.195Z] <<< HTTP RESPONSE 200
[debug] [2018-01-19T21:45:35.196Z] >>> HTTP REQUEST GET https://admin.firebase.com/v1/database/carletonrsg/tokens  
  
 Fri Jan 19 2018 16:45:35 GMT-0500 (Eastern Standard Time)
[debug] [2018-01-19T21:45:35.706Z] <<< HTTP RESPONSE 200
[info] 
[info] === Serving from 'C:\Users\jacob\Desktop\GitHub\rsg-website'...
[info] 
[debug] [2018-01-19T21:45:35.709Z] >>> HTTP REQUEST GET https://cloudresourcemanager.googleapis.com/v1/projects/carletonrsg  
  
 Fri Jan 19 2018 16:45:35 GMT-0500 (Eastern Standard Time)
[debug] [2018-01-19T21:45:36.136Z] <<< HTTP RESPONSE 200
[debug] [2018-01-19T21:45:36.136Z] >>> HTTP REQUEST GET https://mobilesdk-pa.googleapis.com/v1/projects/715575793933/clients/_:getWebAppConfig  
  
 Fri Jan 19 2018 16:45:36 GMT-0500 (Eastern Standard Time)
[debug] [2018-01-19T21:45:36.480Z] <<< HTTP RESPONSE 200
[debug] [2018-01-19T21:45:36.508Z] TypeError: Cannot read property 'public' of undefined
    at Server.<anonymous> (C:\Users\jacob\AppData\Roaming\npm\node_modules\firebase-tools\lib\serve\hosting.js:34:17)
    at Object.onceWrapper (events.js:314:30)
    at emitNone (events.js:105:13)
    at Server.emit (events.js:207:7)
    at emitListeningNT (net.js:1349:10)
    at _combinedTickCallback (internal/process/next_tick.js:135:11)
    at process._tickDomainCallback (internal/process/next_tick.js:218:9)
[error] 
[error] Error: An unexpected error has occurred.
